Phase 1 Build Log - Thu Jan 22 12:09:21 GMT 2026
[0;32m[SUCCESS][0m cmake found: /usr/local/bin/cmake
[0;32m[SUCCESS][0m make found: /usr/bin/make
[0;32m[SUCCESS][0m xcodebuild found: /usr/bin/xcodebuild
[0;34m[INFO][0m CMake version: 4.2.1
[0;32m[SUCCESS][0m Build environment setup complete
[0;34m[INFO][0m Configuring CMake for Apple Silicon Phase 1...
[0;34m[INFO][0m Adding Apple Silicon CMake configuration...
[0;32m[SUCCESS][0m Apple Silicon CMake configuration added
[0;34m[INFO][0m Running CMake configure...
-- Couldn't find ICU. Falling back to --no-icu build
CMake Warning at test/CMakeLists.txt:60 (message):
  Native tests are DISABLED, as they require ICU to be installed, and not
  embedded.  NO_ICU = 1 EMBED_ICU = OFF


-- Configuring done (0.6s)
You have changed variables that require your cache to be deleted.
Configure will be re-run and you may have to reset some variables.
The following variables have changed:
CMAKE_C_COMPILER= clang
CMAKE_CXX_COMPILER= clang++
CMAKE_C_COMPILER= clang
CMAKE_CXX_COMPILER= clang++
CMAKE_C_COMPILER= clang
CMAKE_CXX_COMPILER= clang++
CMAKE_C_COMPILER= clang
CMAKE_CXX_COMPILER= clang++
CMAKE_C_COMPILER= clang
CMAKE_CXX_COMPILER= clang++
CMAKE_C_COMPILER= clang
CMAKE_CXX_COMPILER= clang++
CMAKE_C_COMPILER= clang
CMAKE_CXX_COMPILER= clang++
CMAKE_C_COMPILER= clang
CMAKE_CXX_COMPILER= clang++

-- The C compiler identification is AppleClang 17.0.0.17000603
-- The CXX compiler identification is AppleClang 17.0.0.17000603
-- Detecting C compiler ABI info
-- Detecting C compiler ABI info - done
-- Check for working C compiler: /usr/bin/clang - skipped
-- Detecting C compile features
-- Detecting C compile features - done
-- Detecting CXX compiler ABI info
-- Detecting CXX compiler ABI info - done
-- Check for working CXX compiler: /usr/bin/clang++ - skipped
-- Detecting CXX compile features
-- Detecting CXX compile features - done
-- Couldn't find ICU. Falling back to --no-icu build
-- Performing Test CLANG_HAS_DISABLE_TAIL_CALLS_CFG
-- Performing Test CLANG_HAS_DISABLE_TAIL_CALLS_CFG - Success
-- The ASM compiler identification is AppleClang
-- Found assembler: /usr/bin/clang
-- Looking for include file ieeefp.h
-- Looking for include file ieeefp.h - not found
-- Looking for include file alloca.h
-- Looking for include file alloca.h - found
-- Looking for include file sys/vmparam.h
-- Looking for include file sys/vmparam.h - found
-- Looking for include file mach/vm_types.h
-- Looking for include file mach/vm_types.h - found
-- Looking for include file mach/vm_param.h
-- Looking for include file mach/vm_param.h - found
-- Looking for include file procfs.h
-- Looking for include file procfs.h - not found
-- Looking for include file crt_externs.h
-- Looking for include file crt_externs.h - found
-- Looking for include file sys/time.h
-- Looking for include file sys/time.h - found
-- Looking for include file pthread_np.h
-- Looking for include file pthread_np.h - not found
-- Looking for include file sys/lwp.h
-- Looking for include file sys/lwp.h - not found
-- Looking for include file runetype.h
-- Looking for include file runetype.h - found
-- Looking for include file unicode/uchar.h
-- Looking for include file unicode/uchar.h - found
-- Looking for kqueue
-- Looking for kqueue - found
-- Looking for getpwuid_r
-- Looking for getpwuid_r - found
-- Looking for pthread_suspend in pthread
-- Looking for pthread_suspend in pthread - not found
-- Looking for pthread_suspend_np in pthread
-- Looking for pthread_suspend_np in pthread - not found
-- Looking for pthread_continue in pthread
-- Looking for pthread_continue in pthread - not found
-- Looking for pthread_continue_np in pthread
-- Looking for pthread_continue_np in pthread - not found
-- Looking for pthread_resume_np in pthread
-- Looking for pthread_resume_np in pthread - not found
-- Looking for pthread_attr_get_np in pthread
-- Looking for pthread_attr_get_np in pthread - not found
-- Looking for pthread_getattr_np in pthread
-- Looking for pthread_getattr_np in pthread - not found
-- Looking for pthread_getcpuclockid in pthread
-- Looking for pthread_getcpuclockid in pthread - not found
-- Looking for pthread_sigqueue in pthread
-- Looking for pthread_sigqueue in pthread - not found
-- Looking for sigreturn
-- Looking for sigreturn - not found
-- Looking for _thread_sys_sigreturn
-- Looking for _thread_sys_sigreturn - not found
-- Looking for copysign
-- Looking for copysign - found
-- Looking for fsync
-- Looking for fsync - found
-- Looking for futimes
-- Looking for futimes - found
-- Looking for utimes
-- Looking for utimes - found
-- Looking for sysctl
-- Looking for sysctl - found
-- Looking for sysconf
-- Looking for sysconf - found
-- Looking for localtime_r
-- Looking for localtime_r - found
-- Looking for gmtime_r
-- Looking for gmtime_r - found
-- Looking for timegm
-- Looking for timegm - found
-- Looking for _snwprintf
-- Looking for _snwprintf - not found
-- Looking for poll
-- Looking for poll - found
-- Looking for statvfs
-- Looking for statvfs - found
-- Looking for thread_self
-- Looking for thread_self - not found
-- Looking for _lwp_self
-- Looking for _lwp_self - not found
-- Looking for pthread_mach_thread_np
-- Looking for pthread_mach_thread_np - found
-- Looking for thread_set_exception_ports
-- Looking for thread_set_exception_ports - found
-- Looking for vm_allocate
-- Looking for vm_allocate - found
-- Looking for vm_read
-- Looking for vm_read - found
-- Looking for directio
-- Looking for directio - not found
-- Looking for semget
-- Looking for semget - found
-- Looking for pthread_mutex_init
-- Looking for pthread_mutex_init - found
-- Looking for ttrace
-- Looking for ttrace - not found
-- Performing Test HAVE_STAT_TIMESPEC
-- Performing Test HAVE_STAT_TIMESPEC - Success
-- Performing Test HAVE_STAT_NSEC
-- Performing Test HAVE_STAT_NSEC - Failed
-- Performing Test HAVE_TM_GMTOFF
-- Performing Test HAVE_TM_GMTOFF - Success
-- Performing Test HAVE_GREGSET_T
-- Performing Test HAVE_GREGSET_T - Failed
-- Looking for sys/types.h
-- Looking for sys/types.h - found
-- Looking for stdint.h
-- Looking for stdint.h - found
-- Looking for stddef.h
-- Looking for stddef.h - found
-- Check size of struct reg
-- Check size of struct reg - failed
-- Check size of struct pt_regs
-- Check size of struct pt_regs - failed
-- Check size of siginfo_t
-- Check size of siginfo_t - done
-- Check size of ucontext_t
-- Check size of ucontext_t - failed
-- Check size of pthread_rwlock_t
-- Check size of pthread_rwlock_t - done
-- Check size of prwatch_t
-- Check size of prwatch_t - failed
-- Check size of off_t
-- Check size of off_t - done
-- Looking for SYS_yield
-- Looking for SYS_yield - not found
-- Looking for INFTIM
-- Looking for INFTIM - not found
-- Looking for CHAR_BIT
-- Looking for CHAR_BIT - not found
-- Looking for _DEBUG
-- Looking for _DEBUG - not found
-- Looking for _SC_PHYS_PAGES
-- Looking for _SC_PHYS_PAGES - found
-- Looking for _SC_AVPHYS_PAGES
-- Looking for _SC_AVPHYS_PAGES - not found
-- Performing Test PLATFORM_ACCEPTS_ABS_OVERLOAD
-- Performing Test PLATFORM_ACCEPTS_ABS_OVERLOAD - Failed
-- Performing Test REALPATH_SUPPORTS_NONEXISTENT_FILES
-- Performing Test REALPATH_SUPPORTS_NONEXISTENT_FILES - Failed
-- Performing Test SSCANF_SUPPORT_ll
-- Performing Test SSCANF_SUPPORT_ll - Success
-- Performing Test SSCANF_CANNOT_HANDLE_MISSING_EXPONENT
-- Performing Test SSCANF_CANNOT_HANDLE_MISSING_EXPONENT - Failed
-- Performing Test HAVE_LARGE_SNPRINTF_SUPPORT
-- Performing Test HAVE_LARGE_SNPRINTF_SUPPORT - Success
-- Performing Test HAVE_BROKEN_FIFO_SELECT
-- Performing Test HAVE_BROKEN_FIFO_SELECT - Failed
-- Performing Test HAVE_BROKEN_FIFO_KEVENT
-- Performing Test HAVE_BROKEN_FIFO_KEVENT - Failed
-- Performing Test HAVE_SCHED_GET_PRIORITY
-- Performing Test HAVE_SCHED_GET_PRIORITY - Success
-- Performing Test HAVE_SCHED_GETCPU
-- Performing Test HAVE_SCHED_GETCPU - Failed
-- Performing Test HAVE_WORKING_GETTIMEOFDAY
-- Performing Test HAVE_WORKING_GETTIMEOFDAY - Success
-- Performing Test HAVE_WORKING_CLOCK_GETTIME
-- Performing Test HAVE_WORKING_CLOCK_GETTIME - Failed
-- Performing Test HAVE_CLOCK_MONOTONIC
-- Performing Test HAVE_CLOCK_MONOTONIC - Failed
-- Performing Test HAVE_CLOCK_MONOTONIC_COARSE
-- Performing Test HAVE_CLOCK_MONOTONIC_COARSE - Failed
-- Performing Test HAVE_MACH_ABSOLUTE_TIME
-- Performing Test HAVE_MACH_ABSOLUTE_TIME - Success
-- Performing Test HAVE_CLOCK_THREAD_CPUTIME
-- Performing Test HAVE_CLOCK_THREAD_CPUTIME - Failed
-- Performing Test HAVE_MMAP_DEV_ZERO
-- Performing Test HAVE_MMAP_DEV_ZERO - Failed
-- Performing Test MMAP_IGNORES_HINT
-- Performing Test MMAP_IGNORES_HINT - Failed
-- Performing Test MMAP_ANON_IGNORES_PROTECTION
-- Performing Test MMAP_ANON_IGNORES_PROTECTION - Failed
-- Performing Test MMAP_DOESNOT_ALLOW_REMAP
-- Performing Test MMAP_DOESNOT_ALLOW_REMAP - Failed
-- Performing Test ONE_SHARED_MAPPING_PER_FILEREGION_PER_PROCESS
-- Performing Test ONE_SHARED_MAPPING_PER_FILEREGION_PER_PROCESS - Failed
-- Performing Test PTHREAD_CREATE_MODIFIES_ERRNO
-- Performing Test PTHREAD_CREATE_MODIFIES_ERRNO - Failed
-- Performing Test SEM_INIT_MODIFIES_ERRNO
-- Performing Test SEM_INIT_MODIFIES_ERRNO - Failed
-- Performing Test HAVE_PROCFS_CTL
-- Performing Test HAVE_PROCFS_CTL - Failed
-- Performing Test HAVE_COMPATIBLE_ACOS
-- Performing Test HAVE_COMPATIBLE_ACOS - Success
-- Performing Test HAVE_COMPATIBLE_ASIN
-- Performing Test HAVE_COMPATIBLE_ASIN - Success
-- Performing Test HAVE_COMPATIBLE_ATAN2
-- Performing Test HAVE_COMPATIBLE_ATAN2 - Success
-- Performing Test HAVE_COMPATIBLE_EXP
-- Performing Test HAVE_COMPATIBLE_EXP - Failed
-- Performing Test HAVE_COMPATIBLE_LOG
-- Performing Test HAVE_COMPATIBLE_LOG - Success
-- Performing Test HAVE_COMPATIBLE_LOG10
-- Performing Test HAVE_COMPATIBLE_LOG10 - Success
-- Performing Test UNGETC_NOT_RETURN_EOF
-- Performing Test UNGETC_NOT_RETURN_EOF - Failed
-- Performing Test HAS_POSIX_SEMAPHORES
-- Performing Test HAS_POSIX_SEMAPHORES - Failed
-- Performing Test GETPWUID_R_SETS_ERRNO
-- Performing Test GETPWUID_R_SETS_ERRNO - Failed
-- Performing Test FILE_OPS_CHECK_FERROR_OF_PREVIOUS_CALL
-- Performing Test FILE_OPS_CHECK_FERROR_OF_PREVIOUS_CALL - Failed
-- Looking for unistd.h
-- Looking for unistd.h - found
-- Looking for snprintf
-- Looking for snprintf - found
-- Looking for strcasecmp
-- Looking for strcasecmp - found
-- Check size of ssize_t
-- Check size of ssize_t - done
-- Check size of size_t
-- Check size of size_t - done
-- Found Python: /Library/Developer/CommandLineTools/Library/Frameworks/Python3.framework/Versions/3.9/bin/python3.9 (found version "3.9.6") found components: Interpreter
CMake Warning at test/CMakeLists.txt:60 (message):
  Native tests are DISABLED, as they require ICU to be installed, and not
  embedded.  NO_ICU = 1 EMBED_ICU = OFF


-- Configuring done (41.6s)
-- Generating done (0.5s)
CMake Warning:
  Manually-specified variables were not used by the project:

    APPLE_SILICON_JIT
    CC_TARGETS_ARM64_SH
    PROHIBIT_STP_LDP
    USE_INDIVIDUAL_STACK_OPERATIONS


-- Build files have been written to: /Volumes/S/chakra/ChakraCore
[0;32m[SUCCESS][0m CMake configuration successful
[0;34m[INFO][0m Building ChakraCore Phase 1...
[0;34m[INFO][0m Building with make using -j24...
make: *** No targets specified and no makefile found.  Stop.
[0;32m[SUCCESS][0m ChakraCore build successful
[1;33m[WARNING][0m Expected build output not found: ch
[1;33m[WARNING][0m Expected build output not found: libChakraCore.dylib
[0;34m[INFO][0m Testing Apple Silicon platform detection...
[0;34m[INFO][0m Compiling platform detection test with clang++...
[0;32m[SUCCESS][0m Platform test compiled successfully
[0;34m[INFO][0m Running platform detection test...
./build_phase1.sh: line 303: /Volumes/S/chakra/build_phase1/test_platform: Bad CPU type in executable
[0;32m[SUCCESS][0m Platform detection test completed
[0;34m[INFO][0m Testing JavaScript functionality...
[0;31m[ERROR][0m ChakraCore binary not found at /Volumes/S/chakra/build_phase1/ch
